<?xml version="1.0" encoding="UTF-8"?>
<!-- Generated by org.testng.reporters.JUnitXMLReporter -->
<testsuite ignored="0" hostname="CSE1605378" failures="0" tests="25" name="Different activities on seleniummadeeasy/test.com" time="298.481" errors="0" timestamp="2020-11-10T18:06:11 IST">
  <testcase classname="com.selenium.qa.testcases.AjaxFormSubmitTest" name="enterthenametest" time="1.735"/>
  <testcase classname="com.selenium.qa.testcases.CheckBoxDemoTest" name="clickoncheckbox" time="0.196"/>
  <testcase classname="com.selenium.qa.testcases.DragandDropTest" name="draganddroptest" time="19.794"/>
  <testcase classname="com.selenium.qa.testcases.HomePageTest" name="clickonsimpleformdemo" time="1.157"/>
  <testcase classname="com.selenium.qa.testcases.HomePageTest" name="clickOnCheckboxdemolink" time="1.079"/>
  <testcase classname="com.selenium.qa.testcases.HomePageTest" name="clickonjavascriptalertlink" time="0.771"/>
  <testcase classname="com.selenium.qa.testcases.HomePageTest" name="clickonwindowpopupmodellink" time="0.863"/>
  <testcase classname="com.selenium.qa.testcases.HomePageTest" name="clickoninputformwithvalidationslink" time="0.996"/>
  <testcase classname="com.selenium.qa.testcases.HomePageTest" name="clickondrag_and_drop_linklink" time="1.005"/>
  <testcase classname="com.selenium.qa.testcases.InputFormValidationsTest" name="validatecreatyenewcontact" time="1.968"/>
  <testcase classname="com.selenium.qa.testcases.InputFormValidationsTest" name="validatecreatyenewcontact" time="1.887"/>
  <testcase classname="com.selenium.qa.testcases.InputFormValidationsTest" name="validatecreatyenewcontact" time="1.764"/>
  <testcase classname="com.selenium.qa.testcases.InputFormValidationsTest" name="validatecreatyenewcontact" time="2.135"/>
  <testcase classname="com.selenium.qa.testcases.InputFormValidationsTest" name="validatecreatyenewcontact" time="1.924"/>
  <testcase classname="com.selenium.qa.testcases.JavaScriptAlertsTest" name="clickonfirstbutton" time="0.114"/>
  <testcase classname="com.selenium.qa.testcases.JavaScriptAlertsTest" name="clickonsecondbutton" time="0.147"/>
  <testcase classname="com.selenium.qa.testcases.JqueryListDropdownTest" name="validatevaluessenetered" time="0.856"/>
  <testcase classname="com.selenium.qa.testcases.SelectDropDownListTest" name="selectyourcity" time="0.294"/>
  <testcase classname="com.selenium.qa.testcases.SelectDropDownListTest" name="selectyourday" time="0.174"/>
  <testcase classname="com.selenium.qa.testcases.SimpleFormDemoTest" name="validatemessage" time="0.52"/>
  <testcase classname="com.selenium.qa.testcases.SimpleFormDemoTest" name="validateTotal" time="0.483"/>
  <testcase classname="com.selenium.qa.testcases.TableSortAndSearchTest" name="validatetheentry" time="1.03"/>
  <testcase classname="com.selenium.qa.testcases.WindowPopupModelTest" name="handlemultiplewindows1" time="4.963"/>
  <testcase classname="com.selenium.qa.testcases.WindowPopupModelTest" name="handlemultiplewindows2" time="10.754"/>
  <testcase classname="com.selenium.qa.testcases.WindowPopupModelTest" name="hanlesmultiplewindows3" time="13.208"/>
</testsuite> <!-- Different activities on seleniummadeeasy/test.com -->
