<?xml version="1.0" encoding="UTF-8"?>
<testng-results ignored="0" total="25" passed="25" failed="0" skipped="0">
  <reporter-output>
  </reporter-output>
  <suite started-at="2020-11-10T18:01:13 IST" name="Selenium made easy suite" finished-at="2020-11-10T18:06:11 IST" duration-ms="298481">
    <groups>
    </groups>
    <test started-at="2020-11-10T18:01:13 IST" name="Different activities on seleniummadeeasy/test.com" finished-at="2020-11-10T18:06:11 IST" duration-ms="298481">
      <class name="com.selenium.qa.testcases.WindowPopupModelTest">
        <test-method is-config="true" signature="setUp()[pri:0, instance:com.selenium.qa.testcases.WindowPopupModelTest@2b30a42c]" started-at="2020-11-10T18:05:14 IST" name="setUp" finished-at="2020-11-10T18:05:23 IST" duration-ms="8517" status="PASS">
          <reporter-output>
          </reporter-output>
        </test-method> <!-- setUp -->
        <test-method signature="handlemultiplewindows1()[pri:1, instance:com.selenium.qa.testcases.WindowPopupModelTest@2b30a42c]" started-at="2020-11-10T18:05:23 IST" name="handlemultiplewindows1" finished-at="2020-11-10T18:05:28 IST" duration-ms="4963" status="PASS">
          <reporter-output>
          </reporter-output>
        </test-method> <!-- handlemultiplewindows1 -->
        <test-method is-config="true" signature="tearDown()[pri:0, instance:com.selenium.qa.testcases.WindowPopupModelTest@2b30a42c]" started-at="2020-11-10T18:05:28 IST" name="tearDown" finished-at="2020-11-10T18:05:29 IST" duration-ms="976" status="PASS">
          <reporter-output>
          </reporter-output>
        </test-method> <!-- tearDown -->
        <test-method is-config="true" signature="setUp()[pri:0, instance:com.selenium.qa.testcases.WindowPopupModelTest@2b30a42c]" started-at="2020-11-10T18:05:29 IST" name="setUp" finished-at="2020-11-10T18:05:37 IST" duration-ms="7955" status="PASS">
          <reporter-output>
          </reporter-output>
        </test-method> <!-- setUp -->
        <test-method signature="handlemultiplewindows2()[pri:2, instance:com.selenium.qa.testcases.WindowPopupModelTest@2b30a42c]" started-at="2020-11-10T18:05:37 IST" name="handlemultiplewindows2" finished-at="2020-11-10T18:05:48 IST" duration-ms="10754" status="PASS">
          <reporter-output>
          </reporter-output>
        </test-method> <!-- handlemultiplewindows2 -->
        <test-method is-config="true" signature="tearDown()[pri:0, instance:com.selenium.qa.testcases.WindowPopupModelTest@2b30a42c]" started-at="2020-11-10T18:05:48 IST" name="tearDown" finished-at="2020-11-10T18:05:49 IST" duration-ms="899" status="PASS">
          <reporter-output>
          </reporter-output>
        </test-method> <!-- tearDown -->
        <test-method is-config="true" signature="setUp()[pri:0, instance:com.selenium.qa.testcases.WindowPopupModelTest@2b30a42c]" started-at="2020-11-10T18:05:49 IST" name="setUp" finished-at="2020-11-10T18:05:57 IST" duration-ms="8510" status="PASS">
          <reporter-output>
          </reporter-output>
        </test-method> <!-- setUp -->
        <test-method signature="hanlesmultiplewindows3()[pri:3, instance:com.selenium.qa.testcases.WindowPopupModelTest@2b30a42c]" started-at="2020-11-10T18:05:57 IST" name="hanlesmultiplewindows3" finished-at="2020-11-10T18:06:10 IST" duration-ms="13208" status="PASS">
          <reporter-output>
          </reporter-output>
        </test-method> <!-- hanlesmultiplewindows3 -->
        <test-method is-config="true" signature="tearDown()[pri:0, instance:com.selenium.qa.testcases.WindowPopupModelTest@2b30a42c]" started-at="2020-11-10T18:06:10 IST" name="tearDown" finished-at="2020-11-10T18:06:11 IST" duration-ms="1207" status="PASS">
          <reporter-output>
          </reporter-output>
        </test-method> <!-- tearDown -->
      </class> <!-- com.selenium.qa.testcases.WindowPopupModelTest -->
      <class name="com.selenium.qa.testcases.AjaxFormSubmitTest">
        <test-method is-config="true" signature="setUp()[pri:0, instance:com.selenium.qa.testcases.AjaxFormSubmitTest@7188af83]" started-at="2020-11-10T18:01:13 IST" name="setUp" finished-at="2020-11-10T18:01:24 IST" duration-ms="11333" status="PASS">
          <reporter-output>
          </reporter-output>
        </test-method> <!-- setUp -->
        <test-method signature="enterthenametest()[pri:1, instance:com.selenium.qa.testcases.AjaxFormSubmitTest@7188af83]" started-at="2020-11-10T18:01:24 IST" name="enterthenametest" finished-at="2020-11-10T18:01:26 IST" duration-ms="1735" status="PASS">
          <reporter-output>
          </reporter-output>
        </test-method> <!-- enterthenametest -->
        <test-method is-config="true" signature="tearDown()[pri:0, instance:com.selenium.qa.testcases.AjaxFormSubmitTest@7188af83]" started-at="2020-11-10T18:01:26 IST" name="tearDown" finished-at="2020-11-10T18:01:27 IST" duration-ms="1268" status="PASS">
          <reporter-output>
          </reporter-output>
        </test-method> <!-- tearDown -->
      </class> <!-- com.selenium.qa.testcases.AjaxFormSubmitTest -->
      <class name="com.selenium.qa.testcases.InputFormValidationsTest">
        <test-method is-config="true" signature="setUp()[pri:0, instance:com.selenium.qa.testcases.InputFormValidationsTest@1033576a]" started-at="2020-11-10T18:03:02 IST" name="setUp" finished-at="2020-11-10T18:03:10 IST" duration-ms="7730" status="PASS">
          <reporter-output>
          </reporter-output>
        </test-method> <!-- setUp -->
        <test-method signature="validatecreatyenewcontact(java.lang.String, java.lang.String, java.lang.String, java.lang.String, java.lang.String, java.lang.String, java.lang.String, java.lang.String, java.lang.String)[pri:0, instance:com.selenium.qa.testcases.InputFormValidationsTest@1033576a]" started-at="2020-11-10T18:03:10 IST" name="validatecreatyenewcontact" data-provider="getinputtestdata" finished-at="2020-11-10T18:03:12 IST" duration-ms="1968" status="PASS">
          <params>
            <param index="0">
              <value>
                <![CDATA[Prakhar]]>
              </value>
            </param>
            <param index="1">
              <value>
                <![CDATA[Singhwal]]>
              </value>
            </param>
            <param index="2">
              <value>
                <![CDATA[prakharsinghwal96@gmail.com]]>
              </value>
            </param>
            <param index="3">
              <value>
                <![CDATA[8.888888888E9]]>
              </value>
            </param>
            <param index="4">
              <value>
                <![CDATA[516/5 Jagriti Vihar]]>
              </value>
            </param>
            <param index="5">
              <value>
                <![CDATA[Meerut]]>
              </value>
            </param>
            <param index="6">
              <value>
                <![CDATA[Uttar Pradesh]]>
              </value>
            </param>
            <param index="7">
              <value>
                <![CDATA[250004.0]]>
              </value>
            </param>
            <param index="8">
              <value>
                <![CDATA[fresherworld.com]]>
              </value>
            </param>
          </params>
          <reporter-output>
          </reporter-output>
        </test-method> <!-- validatecreatyenewcontact -->
        <test-method is-config="true" signature="tearDown()[pri:0, instance:com.selenium.qa.testcases.InputFormValidationsTest@1033576a]" started-at="2020-11-10T18:03:12 IST" name="tearDown" finished-at="2020-11-10T18:03:13 IST" duration-ms="902" status="PASS">
          <reporter-output>
          </reporter-output>
        </test-method> <!-- tearDown -->
        <test-method is-config="true" signature="setUp()[pri:0, instance:com.selenium.qa.testcases.InputFormValidationsTest@1033576a]" started-at="2020-11-10T18:03:13 IST" name="setUp" finished-at="2020-11-10T18:03:21 IST" duration-ms="7956" status="PASS">
          <reporter-output>
          </reporter-output>
        </test-method> <!-- setUp -->
        <test-method signature="validatecreatyenewcontact(java.lang.String, java.lang.String, java.lang.String, java.lang.String, java.lang.String, java.lang.String, java.lang.String, java.lang.String, java.lang.String)[pri:0, instance:com.selenium.qa.testcases.InputFormValidationsTest@1033576a]" started-at="2020-11-10T18:03:21 IST" name="validatecreatyenewcontact" data-provider="getinputtestdata" finished-at="2020-11-10T18:03:23 IST" duration-ms="1887" status="PASS">
          <params>
            <param index="0">
              <value>
                <![CDATA[Hritik]]>
              </value>
            </param>
            <param index="1">
              <value>
                <![CDATA[Sahu]]>
              </value>
            </param>
            <param index="2">
              <value>
                <![CDATA[hritik@gmail.com]]>
              </value>
            </param>
            <param index="3">
              <value>
                <![CDATA[9.999999999E9]]>
              </value>
            </param>
            <param index="4">
              <value>
                <![CDATA[5 Colony 5]]>
              </value>
            </param>
            <param index="5">
              <value>
                <![CDATA[Ranchi]]>
              </value>
            </param>
            <param index="6">
              <value>
                <![CDATA[Jharkhand]]>
              </value>
            </param>
            <param index="7">
              <value>
                <![CDATA[450002.0]]>
              </value>
            </param>
            <param index="8">
              <value>
                <![CDATA[abc.com]]>
              </value>
            </param>
          </params>
          <reporter-output>
          </reporter-output>
        </test-method> <!-- validatecreatyenewcontact -->
        <test-method is-config="true" signature="tearDown()[pri:0, instance:com.selenium.qa.testcases.InputFormValidationsTest@1033576a]" started-at="2020-11-10T18:03:23 IST" name="tearDown" finished-at="2020-11-10T18:03:24 IST" duration-ms="1354" status="PASS">
          <reporter-output>
          </reporter-output>
        </test-method> <!-- tearDown -->
        <test-method is-config="true" signature="setUp()[pri:0, instance:com.selenium.qa.testcases.InputFormValidationsTest@1033576a]" started-at="2020-11-10T18:03:24 IST" name="setUp" finished-at="2020-11-10T18:03:32 IST" duration-ms="8073" status="PASS">
          <reporter-output>
          </reporter-output>
        </test-method> <!-- setUp -->
        <test-method signature="validatecreatyenewcontact(java.lang.String, java.lang.String, java.lang.String, java.lang.String, java.lang.String, java.lang.String, java.lang.String, java.lang.String, java.lang.String)[pri:0, instance:com.selenium.qa.testcases.InputFormValidationsTest@1033576a]" started-at="2020-11-10T18:03:32 IST" name="validatecreatyenewcontact" data-provider="getinputtestdata" finished-at="2020-11-10T18:03:34 IST" duration-ms="1764" status="PASS">
          <params>
            <param index="0">
              <value>
                <![CDATA[Anubhav]]>
              </value>
            </param>
            <param index="1">
              <value>
                <![CDATA[raj]]>
              </value>
            </param>
            <param index="2">
              <value>
                <![CDATA[anubhav@gmail.com]]>
              </value>
            </param>
            <param index="3">
              <value>
                <![CDATA[7.777777777E9]]>
              </value>
            </param>
            <param index="4">
              <value>
                <![CDATA[314/5 patel nagar]]>
              </value>
            </param>
            <param index="5">
              <value>
                <![CDATA[Jamshedpur]]>
              </value>
            </param>
            <param index="6">
              <value>
                <![CDATA[Jharkhand]]>
              </value>
            </param>
            <param index="7">
              <value>
                <![CDATA[570003.0]]>
              </value>
            </param>
            <param index="8">
              <value>
                <![CDATA[xyz.com]]>
              </value>
            </param>
          </params>
          <reporter-output>
          </reporter-output>
        </test-method> <!-- validatecreatyenewcontact -->
        <test-method is-config="true" signature="tearDown()[pri:0, instance:com.selenium.qa.testcases.InputFormValidationsTest@1033576a]" started-at="2020-11-10T18:03:34 IST" name="tearDown" finished-at="2020-11-10T18:03:35 IST" duration-ms="832" status="PASS">
          <reporter-output>
          </reporter-output>
        </test-method> <!-- tearDown -->
        <test-method is-config="true" signature="setUp()[pri:0, instance:com.selenium.qa.testcases.InputFormValidationsTest@1033576a]" started-at="2020-11-10T18:03:35 IST" name="setUp" finished-at="2020-11-10T18:03:43 IST" duration-ms="8336" status="PASS">
          <reporter-output>
          </reporter-output>
        </test-method> <!-- setUp -->
        <test-method signature="validatecreatyenewcontact(java.lang.String, java.lang.String, java.lang.String, java.lang.String, java.lang.String, java.lang.String, java.lang.String, java.lang.String, java.lang.String)[pri:0, instance:com.selenium.qa.testcases.InputFormValidationsTest@1033576a]" started-at="2020-11-10T18:03:43 IST" name="validatecreatyenewcontact" data-provider="getinputtestdata" finished-at="2020-11-10T18:03:45 IST" duration-ms="2135" status="PASS">
          <params>
            <param index="0">
              <value>
                <![CDATA[Divyansh]]>
              </value>
            </param>
            <param index="1">
              <value>
                <![CDATA[Diwedi]]>
              </value>
            </param>
            <param index="2">
              <value>
                <![CDATA[divyansh@gmail.com]]>
              </value>
            </param>
            <param index="3">
              <value>
                <![CDATA[6.666666666E9]]>
              </value>
            </param>
            <param index="4">
              <value>
                <![CDATA[32/A Gail apartments]]>
              </value>
            </param>
            <param index="5">
              <value>
                <![CDATA[Greater Noida]]>
              </value>
            </param>
            <param index="6">
              <value>
                <![CDATA[Delhi]]>
              </value>
            </param>
            <param index="7">
              <value>
                <![CDATA[670004.0]]>
              </value>
            </param>
            <param index="8">
              <value>
                <![CDATA[mnc.com]]>
              </value>
            </param>
          </params>
          <reporter-output>
          </reporter-output>
        </test-method> <!-- validatecreatyenewcontact -->
        <test-method is-config="true" signature="tearDown()[pri:0, instance:com.selenium.qa.testcases.InputFormValidationsTest@1033576a]" started-at="2020-11-10T18:03:45 IST" name="tearDown" finished-at="2020-11-10T18:03:47 IST" duration-ms="1288" status="PASS">
          <reporter-output>
          </reporter-output>
        </test-method> <!-- tearDown -->
        <test-method is-config="true" signature="setUp()[pri:0, instance:com.selenium.qa.testcases.InputFormValidationsTest@1033576a]" started-at="2020-11-10T18:03:47 IST" name="setUp" finished-at="2020-11-10T18:03:55 IST" duration-ms="8167" status="PASS">
          <reporter-output>
          </reporter-output>
        </test-method> <!-- setUp -->
        <test-method signature="validatecreatyenewcontact(java.lang.String, java.lang.String, java.lang.String, java.lang.String, java.lang.String, java.lang.String, java.lang.String, java.lang.String, java.lang.String)[pri:0, instance:com.selenium.qa.testcases.InputFormValidationsTest@1033576a]" started-at="2020-11-10T18:03:55 IST" name="validatecreatyenewcontact" data-provider="getinputtestdata" finished-at="2020-11-10T18:03:57 IST" duration-ms="1924" status="PASS">
          <params>
            <param index="0">
              <value>
                <![CDATA[Alankrit]]>
              </value>
            </param>
            <param index="1">
              <value>
                <![CDATA[Utkarsh]]>
              </value>
            </param>
            <param index="2">
              <value>
                <![CDATA[alankrit@gmail.com]]>
              </value>
            </param>
            <param index="3">
              <value>
                <![CDATA[5.555555555E9]]>
              </value>
            </param>
            <param index="4">
              <value>
                <![CDATA[block n new ashok nagar]]>
              </value>
            </param>
            <param index="5">
              <value>
                <![CDATA[New Delhi]]>
              </value>
            </param>
            <param index="6">
              <value>
                <![CDATA[Delhi]]>
              </value>
            </param>
            <param index="7">
              <value>
                <![CDATA[340005.0]]>
              </value>
            </param>
            <param index="8">
              <value>
                <![CDATA[ijk.com]]>
              </value>
            </param>
          </params>
          <reporter-output>
          </reporter-output>
        </test-method> <!-- validatecreatyenewcontact -->
        <test-method is-config="true" signature="tearDown()[pri:0, instance:com.selenium.qa.testcases.InputFormValidationsTest@1033576a]" started-at="2020-11-10T18:03:57 IST" name="tearDown" finished-at="2020-11-10T18:03:57 IST" duration-ms="808" status="PASS">
          <reporter-output>
          </reporter-output>
        </test-method> <!-- tearDown -->
      </class> <!-- com.selenium.qa.testcases.InputFormValidationsTest -->
      <class name="com.selenium.qa.testcases.HomePageTest">
        <test-method is-config="true" signature="setup()[pri:0, instance:com.selenium.qa.testcases.HomePageTest@247310d0]" started-at="2020-11-10T18:02:05 IST" name="setup" finished-at="2020-11-10T18:02:13 IST" duration-ms="7554" status="PASS">
          <reporter-output>
          </reporter-output>
        </test-method> <!-- setup -->
        <test-method signature="clickonsimpleformdemo()[pri:1, instance:com.selenium.qa.testcases.HomePageTest@247310d0]" started-at="2020-11-10T18:02:13 IST" name="clickonsimpleformdemo" finished-at="2020-11-10T18:02:14 IST" duration-ms="1157" status="PASS">
          <reporter-output>
          </reporter-output>
        </test-method> <!-- clickonsimpleformdemo -->
        <test-method is-config="true" signature="teardown()[pri:0, instance:com.selenium.qa.testcases.HomePageTest@247310d0]" started-at="2020-11-10T18:02:14 IST" name="teardown" finished-at="2020-11-10T18:02:15 IST" duration-ms="833" status="PASS">
          <reporter-output>
          </reporter-output>
        </test-method> <!-- teardown -->
        <test-method is-config="true" signature="setup()[pri:0, instance:com.selenium.qa.testcases.HomePageTest@247310d0]" started-at="2020-11-10T18:02:15 IST" name="setup" finished-at="2020-11-10T18:02:22 IST" duration-ms="7502" status="PASS">
          <reporter-output>
          </reporter-output>
        </test-method> <!-- setup -->
        <test-method signature="clickOnCheckboxdemolink()[pri:2, instance:com.selenium.qa.testcases.HomePageTest@247310d0]" started-at="2020-11-10T18:02:22 IST" name="clickOnCheckboxdemolink" finished-at="2020-11-10T18:02:23 IST" duration-ms="1079" status="PASS">
          <reporter-output>
          </reporter-output>
        </test-method> <!-- clickOnCheckboxdemolink -->
        <test-method is-config="true" signature="teardown()[pri:0, instance:com.selenium.qa.testcases.HomePageTest@247310d0]" started-at="2020-11-10T18:02:23 IST" name="teardown" finished-at="2020-11-10T18:02:24 IST" duration-ms="817" status="PASS">
          <reporter-output>
          </reporter-output>
        </test-method> <!-- teardown -->
        <test-method is-config="true" signature="setup()[pri:0, instance:com.selenium.qa.testcases.HomePageTest@247310d0]" started-at="2020-11-10T18:02:24 IST" name="setup" finished-at="2020-11-10T18:02:31 IST" duration-ms="6973" status="PASS">
          <reporter-output>
          </reporter-output>
        </test-method> <!-- setup -->
        <test-method signature="clickonjavascriptalertlink()[pri:3, instance:com.selenium.qa.testcases.HomePageTest@247310d0]" started-at="2020-11-10T18:02:31 IST" name="clickonjavascriptalertlink" finished-at="2020-11-10T18:02:32 IST" duration-ms="771" status="PASS">
          <reporter-output>
          </reporter-output>
        </test-method> <!-- clickonjavascriptalertlink -->
        <test-method is-config="true" signature="teardown()[pri:0, instance:com.selenium.qa.testcases.HomePageTest@247310d0]" started-at="2020-11-10T18:02:32 IST" name="teardown" finished-at="2020-11-10T18:02:33 IST" duration-ms="1241" status="PASS">
          <reporter-output>
          </reporter-output>
        </test-method> <!-- teardown -->
        <test-method is-config="true" signature="setup()[pri:0, instance:com.selenium.qa.testcases.HomePageTest@247310d0]" started-at="2020-11-10T18:02:33 IST" name="setup" finished-at="2020-11-10T18:02:41 IST" duration-ms="7583" status="PASS">
          <reporter-output>
          </reporter-output>
        </test-method> <!-- setup -->
        <test-method signature="clickonwindowpopupmodellink()[pri:4, instance:com.selenium.qa.testcases.HomePageTest@247310d0]" started-at="2020-11-10T18:02:41 IST" name="clickonwindowpopupmodellink" finished-at="2020-11-10T18:02:41 IST" duration-ms="863" status="PASS">
          <reporter-output>
          </reporter-output>
        </test-method> <!-- clickonwindowpopupmodellink -->
        <test-method is-config="true" signature="teardown()[pri:0, instance:com.selenium.qa.testcases.HomePageTest@247310d0]" started-at="2020-11-10T18:02:41 IST" name="teardown" finished-at="2020-11-10T18:02:42 IST" duration-ms="791" status="PASS">
          <reporter-output>
          </reporter-output>
        </test-method> <!-- teardown -->
        <test-method is-config="true" signature="setup()[pri:0, instance:com.selenium.qa.testcases.HomePageTest@247310d0]" started-at="2020-11-10T18:02:42 IST" name="setup" finished-at="2020-11-10T18:02:49 IST" duration-ms="7320" status="PASS">
          <reporter-output>
          </reporter-output>
        </test-method> <!-- setup -->
        <test-method signature="clickoninputformwithvalidationslink()[pri:5, instance:com.selenium.qa.testcases.HomePageTest@247310d0]" started-at="2020-11-10T18:02:49 IST" name="clickoninputformwithvalidationslink" finished-at="2020-11-10T18:02:50 IST" duration-ms="996" status="PASS">
          <reporter-output>
          </reporter-output>
        </test-method> <!-- clickoninputformwithvalidationslink -->
        <test-method is-config="true" signature="teardown()[pri:0, instance:com.selenium.qa.testcases.HomePageTest@247310d0]" started-at="2020-11-10T18:02:50 IST" name="teardown" finished-at="2020-11-10T18:02:51 IST" duration-ms="819" status="PASS">
          <reporter-output>
          </reporter-output>
        </test-method> <!-- teardown -->
        <test-method is-config="true" signature="setup()[pri:0, instance:com.selenium.qa.testcases.HomePageTest@247310d0]" started-at="2020-11-10T18:02:51 IST" name="setup" finished-at="2020-11-10T18:02:59 IST" duration-ms="8000" status="PASS">
          <reporter-output>
          </reporter-output>
        </test-method> <!-- setup -->
        <test-method signature="clickondrag_and_drop_linklink()[pri:6, instance:com.selenium.qa.testcases.HomePageTest@247310d0]" started-at="2020-11-10T18:02:59 IST" name="clickondrag_and_drop_linklink" finished-at="2020-11-10T18:03:00 IST" duration-ms="1005" status="PASS">
          <reporter-output>
          </reporter-output>
        </test-method> <!-- clickondrag_and_drop_linklink -->
        <test-method is-config="true" signature="teardown()[pri:0, instance:com.selenium.qa.testcases.HomePageTest@247310d0]" started-at="2020-11-10T18:03:00 IST" name="teardown" finished-at="2020-11-10T18:03:01 IST" duration-ms="810" status="PASS">
          <reporter-output>
          </reporter-output>
        </test-method> <!-- teardown -->
      </class> <!-- com.selenium.qa.testcases.HomePageTest -->
      <class name="com.selenium.qa.testcases.CheckBoxDemoTest">
        <test-method is-config="true" signature="setUp()[pri:0, instance:com.selenium.qa.testcases.CheckBoxDemoTest@6be968ce]" started-at="2020-11-10T18:01:27 IST" name="setUp" finished-at="2020-11-10T18:01:35 IST" duration-ms="7852" status="PASS">
          <reporter-output>
          </reporter-output>
        </test-method> <!-- setUp -->
        <test-method signature="clickoncheckbox()[pri:0, instance:com.selenium.qa.testcases.CheckBoxDemoTest@6be968ce]" started-at="2020-11-10T18:01:35 IST" name="clickoncheckbox" finished-at="2020-11-10T18:01:35 IST" duration-ms="196" status="PASS">
          <reporter-output>
          </reporter-output>
        </test-method> <!-- clickoncheckbox -->
        <test-method is-config="true" signature="tearDown()[pri:0, instance:com.selenium.qa.testcases.CheckBoxDemoTest@6be968ce]" started-at="2020-11-10T18:01:35 IST" name="tearDown" finished-at="2020-11-10T18:01:36 IST" duration-ms="909" status="PASS">
          <reporter-output>
          </reporter-output>
        </test-method> <!-- tearDown -->
      </class> <!-- com.selenium.qa.testcases.CheckBoxDemoTest -->
      <class name="com.selenium.qa.testcases.TableSortAndSearchTest">
        <test-method is-config="true" signature="setUp()[pri:0, instance:com.selenium.qa.testcases.TableSortAndSearchTest@17fc391b]" started-at="2020-11-10T18:05:03 IST" name="setUp" finished-at="2020-11-10T18:05:13 IST" duration-ms="9610" status="PASS">
          <reporter-output>
          </reporter-output>
        </test-method> <!-- setUp -->
        <test-method signature="validatetheentry()[pri:0, instance:com.selenium.qa.testcases.TableSortAndSearchTest@17fc391b]" started-at="2020-11-10T18:05:13 IST" name="validatetheentry" finished-at="2020-11-10T18:05:14 IST" duration-ms="1030" status="PASS">
          <reporter-output>
          </reporter-output>
        </test-method> <!-- validatetheentry -->
        <test-method is-config="true" signature="tearDown()[pri:0, instance:com.selenium.qa.testcases.TableSortAndSearchTest@17fc391b]" started-at="2020-11-10T18:05:14 IST" name="tearDown" finished-at="2020-11-10T18:05:14 IST" duration-ms="811" status="PASS">
          <reporter-output>
          </reporter-output>
        </test-method> <!-- tearDown -->
      </class> <!-- com.selenium.qa.testcases.TableSortAndSearchTest -->
      <class name="com.selenium.qa.testcases.SelectDropDownListTest">
        <test-method is-config="true" signature="setUp()[pri:0, instance:com.selenium.qa.testcases.SelectDropDownListTest@4a003cbe]" started-at="2020-11-10T18:04:25 IST" name="setUp" finished-at="2020-11-10T18:04:34 IST" duration-ms="8234" status="PASS">
          <reporter-output>
          </reporter-output>
        </test-method> <!-- setUp -->
        <test-method signature="selectyourcity()[pri:0, instance:com.selenium.qa.testcases.SelectDropDownListTest@4a003cbe]" started-at="2020-11-10T18:04:34 IST" name="selectyourcity" finished-at="2020-11-10T18:04:34 IST" duration-ms="294" status="PASS">
          <reporter-output>
          </reporter-output>
        </test-method> <!-- selectyourcity -->
        <test-method is-config="true" signature="tearDown()[pri:0, instance:com.selenium.qa.testcases.SelectDropDownListTest@4a003cbe]" started-at="2020-11-10T18:04:34 IST" name="tearDown" finished-at="2020-11-10T18:04:35 IST" duration-ms="830" status="PASS">
          <reporter-output>
          </reporter-output>
        </test-method> <!-- tearDown -->
        <test-method is-config="true" signature="setUp()[pri:0, instance:com.selenium.qa.testcases.SelectDropDownListTest@4a003cbe]" started-at="2020-11-10T18:04:35 IST" name="setUp" finished-at="2020-11-10T18:04:42 IST" duration-ms="7372" status="PASS">
          <reporter-output>
          </reporter-output>
        </test-method> <!-- setUp -->
        <test-method signature="selectyourday()[pri:0, instance:com.selenium.qa.testcases.SelectDropDownListTest@4a003cbe]" started-at="2020-11-10T18:04:42 IST" name="selectyourday" finished-at="2020-11-10T18:04:42 IST" duration-ms="174" status="PASS">
          <reporter-output>
          </reporter-output>
        </test-method> <!-- selectyourday -->
        <test-method is-config="true" signature="tearDown()[pri:0, instance:com.selenium.qa.testcases.SelectDropDownListTest@4a003cbe]" started-at="2020-11-10T18:04:42 IST" name="tearDown" finished-at="2020-11-10T18:04:44 IST" duration-ms="1335" status="PASS">
          <reporter-output>
          </reporter-output>
        </test-method> <!-- tearDown -->
      </class> <!-- com.selenium.qa.testcases.SelectDropDownListTest -->
      <class name="com.selenium.qa.testcases.DragandDropTest">
        <test-method is-config="true" signature="setUp()[pri:0, instance:com.selenium.qa.testcases.DragandDropTest@7c37508a]" started-at="2020-11-10T18:01:36 IST" name="setUp" finished-at="2020-11-10T18:01:44 IST" duration-ms="7644" status="PASS">
          <reporter-output>
          </reporter-output>
        </test-method> <!-- setUp -->
        <test-method signature="draganddroptest()[pri:0, instance:com.selenium.qa.testcases.DragandDropTest@7c37508a]" started-at="2020-11-10T18:01:44 IST" name="draganddroptest" finished-at="2020-11-10T18:02:04 IST" duration-ms="19794" status="PASS">
          <reporter-output>
          </reporter-output>
        </test-method> <!-- draganddroptest -->
        <test-method is-config="true" signature="tearDown()[pri:0, instance:com.selenium.qa.testcases.DragandDropTest@7c37508a]" started-at="2020-11-10T18:02:04 IST" name="tearDown" finished-at="2020-11-10T18:02:05 IST" duration-ms="1256" status="PASS">
          <reporter-output>
          </reporter-output>
        </test-method> <!-- tearDown -->
      </class> <!-- com.selenium.qa.testcases.DragandDropTest -->
      <class name="com.selenium.qa.testcases.JqueryListDropdownTest">
        <test-method is-config="true" signature="setUp()[pri:0, instance:com.selenium.qa.testcases.JqueryListDropdownTest@76494737]" started-at="2020-11-10T18:04:15 IST" name="setUp" finished-at="2020-11-10T18:04:23 IST" duration-ms="7567" status="PASS">
          <reporter-output>
          </reporter-output>
        </test-method> <!-- setUp -->
        <test-method signature="validatevaluessenetered()[pri:0, instance:com.selenium.qa.testcases.JqueryListDropdownTest@76494737]" started-at="2020-11-10T18:04:23 IST" name="validatevaluessenetered" finished-at="2020-11-10T18:04:24 IST" duration-ms="856" status="PASS">
          <reporter-output>
          </reporter-output>
        </test-method> <!-- validatevaluessenetered -->
        <test-method is-config="true" signature="tearDown()[pri:0, instance:com.selenium.qa.testcases.JqueryListDropdownTest@76494737]" started-at="2020-11-10T18:04:24 IST" name="tearDown" finished-at="2020-11-10T18:04:25 IST" duration-ms="1423" status="PASS">
          <reporter-output>
          </reporter-output>
        </test-method> <!-- tearDown -->
      </class> <!-- com.selenium.qa.testcases.JqueryListDropdownTest -->
      <class name="com.selenium.qa.testcases.JavaScriptAlertsTest">
        <test-method is-config="true" signature="setUp()[pri:0, instance:com.selenium.qa.testcases.JavaScriptAlertsTest@303cf2ba]" started-at="2020-11-10T18:03:57 IST" name="setUp" finished-at="2020-11-10T18:04:05 IST" duration-ms="7995" status="PASS">
          <reporter-output>
          </reporter-output>
        </test-method> <!-- setUp -->
        <test-method signature="clickonfirstbutton()[pri:0, instance:com.selenium.qa.testcases.JavaScriptAlertsTest@303cf2ba]" started-at="2020-11-10T18:04:05 IST" name="clickonfirstbutton" finished-at="2020-11-10T18:04:06 IST" duration-ms="114" status="PASS">
          <reporter-output>
          </reporter-output>
        </test-method> <!-- clickonfirstbutton -->
        <test-method is-config="true" signature="tearDown()[pri:0, instance:com.selenium.qa.testcases.JavaScriptAlertsTest@303cf2ba]" started-at="2020-11-10T18:04:06 IST" name="tearDown" finished-at="2020-11-10T18:04:06 IST" duration-ms="844" status="PASS">
          <reporter-output>
          </reporter-output>
        </test-method> <!-- tearDown -->
        <test-method is-config="true" signature="setUp()[pri:0, instance:com.selenium.qa.testcases.JavaScriptAlertsTest@303cf2ba]" started-at="2020-11-10T18:04:06 IST" name="setUp" finished-at="2020-11-10T18:04:14 IST" duration-ms="8043" status="PASS">
          <reporter-output>
          </reporter-output>
        </test-method> <!-- setUp -->
        <test-method signature="clickonsecondbutton()[pri:0, instance:com.selenium.qa.testcases.JavaScriptAlertsTest@303cf2ba]" started-at="2020-11-10T18:04:14 IST" name="clickonsecondbutton" finished-at="2020-11-10T18:04:15 IST" duration-ms="147" status="PASS">
          <reporter-output>
          </reporter-output>
        </test-method> <!-- clickonsecondbutton -->
        <test-method is-config="true" signature="tearDown()[pri:0, instance:com.selenium.qa.testcases.JavaScriptAlertsTest@303cf2ba]" started-at="2020-11-10T18:04:15 IST" name="tearDown" finished-at="2020-11-10T18:04:15 IST" duration-ms="839" status="PASS">
          <reporter-output>
          </reporter-output>
        </test-method> <!-- tearDown -->
      </class> <!-- com.selenium.qa.testcases.JavaScriptAlertsTest -->
      <class name="com.selenium.qa.testcases.SimpleFormDemoTest">
        <test-method is-config="true" signature="setUp()[pri:0, instance:com.selenium.qa.testcases.SimpleFormDemoTest@4082ba93]" started-at="2020-11-10T18:04:44 IST" name="setUp" finished-at="2020-11-10T18:04:52 IST" duration-ms="8260" status="PASS">
          <reporter-output>
          </reporter-output>
        </test-method> <!-- setUp -->
        <test-method signature="validatemessage()[pri:1, instance:com.selenium.qa.testcases.SimpleFormDemoTest@4082ba93]" started-at="2020-11-10T18:04:52 IST" name="validatemessage" finished-at="2020-11-10T18:04:52 IST" duration-ms="520" status="PASS">
          <reporter-output>
          </reporter-output>
        </test-method> <!-- validatemessage -->
        <test-method is-config="true" signature="teardown()[pri:0, instance:com.selenium.qa.testcases.SimpleFormDemoTest@4082ba93]" started-at="2020-11-10T18:04:52 IST" name="teardown" finished-at="2020-11-10T18:04:53 IST" duration-ms="875" status="PASS">
          <reporter-output>
          </reporter-output>
        </test-method> <!-- teardown -->
        <test-method is-config="true" signature="setUp()[pri:0, instance:com.selenium.qa.testcases.SimpleFormDemoTest@4082ba93]" started-at="2020-11-10T18:04:53 IST" name="setUp" finished-at="2020-11-10T18:05:02 IST" duration-ms="8408" status="PASS">
          <reporter-output>
          </reporter-output>
        </test-method> <!-- setUp -->
        <test-method signature="validateTotal()[pri:2, instance:com.selenium.qa.testcases.SimpleFormDemoTest@4082ba93]" started-at="2020-11-10T18:05:02 IST" name="validateTotal" finished-at="2020-11-10T18:05:02 IST" duration-ms="483" status="PASS">
          <reporter-output>
          </reporter-output>
        </test-method> <!-- validateTotal -->
        <test-method is-config="true" signature="teardown()[pri:0, instance:com.selenium.qa.testcases.SimpleFormDemoTest@4082ba93]" started-at="2020-11-10T18:05:02 IST" name="teardown" finished-at="2020-11-10T18:05:03 IST" duration-ms="887" status="PASS">
          <reporter-output>
          </reporter-output>
        </test-method> <!-- teardown -->
      </class> <!-- com.selenium.qa.testcases.SimpleFormDemoTest -->
    </test> <!-- Different activities on seleniummadeeasy/test.com -->
  </suite> <!-- Selenium made easy suite -->
</testng-results>
